<?xml version="1.0" encoding="UTF-8"?>
<!-- Generated by org.testng.reporters.JUnitReportReporter -->
<testsuite skipped="0" hostname="Shujas-MacBook-Pro.local" name="com.test.prroject.TestHelloWorld" tests="1" failures="0" timestamp="2022-01-03T09:22:36 PST" time="2.789" errors="0">
  <testcase name="testHelloWorld" time="2.789" classname="com.test.prroject.TestHelloWorld"/>
  <system-out/>
</testsuite> <!-- com.test.prroject.TestHelloWorld -->
